c:\users\youssef\source\repos\segona entrega\1. resources\vc142.pdb
c:\users\youssef\source\repos\segona entrega\1. resources\vc142.idb
c:\users\youssef\source\repos\segona entrega\1. resources\main.obj
c:\users\youssef\source\repos\segona entrega\1. resources\graphicmanager.obj
c:\users\youssef\source\repos\segona entrega\1. resources\piece.obj
c:\users\youssef\source\repos\segona entrega\1. resources\currentgame.obj
c:\users\youssef\source\repos\segona entrega\1. resources\chessposition.obj
c:\users\youssef\source\repos\segona entrega\1. resources\video.obj
c:\users\youssef\source\repos\segona entrega\1. resources\stb_vorbis.obj
c:\users\youssef\source\repos\segona entrega\1. resources\sprites.obj
c:\users\youssef\source\repos\segona entrega\1. resources\sound.obj
c:\users\youssef\source\repos\segona entrega\1. resources\nfont.obj
c:\users\youssef\source\repos\segona entrega\1. resources\mouse.obj
c:\users\youssef\source\repos\segona entrega\1. resources\keyboard.obj
c:\users\youssef\source\repos\segona entrega\1. resources\image_png.obj
c:\users\youssef\source\repos\segona entrega\1. resources\debug.obj
c:\users\youssef\source\repos\segona entrega\1. resources\chessboard.obj
c:\users\youssef\source\repos\segona entrega\1. resources\sdl_fontcache.obj
c:\users\youssef\source\repos\segona entrega\1. resources\queuemovements.obj
c:\users\youssef\source\repos\segona entrega\2. platforms\0. windows desktop\\program\mp_practica.pdb
c:\users\youssef\source\repos\segona entrega\1. resources\mp_practica.tlog\cl.command.1.tlog
c:\users\youssef\source\repos\segona entrega\1. resources\mp_practica.tlog\cl.read.1.tlog
c:\users\youssef\source\repos\segona entrega\1. resources\mp_practica.tlog\cl.write.1.tlog
c:\users\youssef\source\repos\segona entrega\1. resources\mp_practica.tlog\link.2976-cvtres.read.1.tlog
c:\users\youssef\source\repos\segona entrega\1. resources\mp_practica.tlog\link.2976-cvtres.write.1.tlog
c:\users\youssef\source\repos\segona entrega\1. resources\mp_practica.tlog\link.2976-rc.read.1.tlog
c:\users\youssef\source\repos\segona entrega\1. resources\mp_practica.tlog\link.2976-rc.write.1.tlog
c:\users\youssef\source\repos\segona entrega\1. resources\mp_practica.tlog\link.2976.read.1.tlog
c:\users\youssef\source\repos\segona entrega\1. resources\mp_practica.tlog\link.2976.write.1.tlog
c:\users\youssef\source\repos\segona entrega\1. resources\mp_practica.tlog\link.command.1.tlog
c:\users\youssef\source\repos\segona entrega\1. resources\mp_practica.tlog\link.read.1.tlog
c:\users\youssef\source\repos\segona entrega\1. resources\mp_practica.tlog\link.write.1.tlog
